Case #1: 8 4
Case #2: 5 1
Case #3: 2 2
Case #4: 5 3
Case #5: 3 3
Case #6: 0 0
Case #7: 8 3
Case #8: 10 4
Case #9: 10 10
Case #10: 2 2
Case #11: 3 1
Case #12: 0 0
Case #13: 8 4
Case #14: 9 3
Case #15: 7 2
Case #16: 1 1
Case #17: 0 0
Case #18: 10 10
Case #19: 10 10
Case #20: 8 3
Case #21: 8 2
Case #22: 5 1
Case #23: 6 3
Case #24: 0 0
Case #25: 10 10
Case #26: 1 1
Case #27: 7 2
Case #28: 7 4
Case #29: 4 1
Case #30: 3 0
Case #31: 1 1
Case #32: 6 0
Case #33: 7 1
Case #34: 0 0
Case #35: 1 1
Case #36: 0 0
Case #37: 7 3
Case #38: 9 5
Case #39: 2 2
Case #40: 0 0
Case #41: 5 1
Case #42: 7 3
Case #43: 10 10
Case #44: 7 1
Case #45: 0 0
Case #46: 10 10
Case #47: 10 10
Case #48: 8 2
Case #49: 8 4
Case #50: 10 5
